<?xml version="1.0" encoding="UTF-8"?>
<coverage generated="1594783453629" clover="3.2.0">
  <project timestamp="1594783453629" name="All files">
    <metrics statements="136" coveredstatements="134" conditionals="56" coveredconditionals="54" methods="55" coveredmethods="54" elements="247" coveredelements="242" complexity="0" loc="136" ncloc="136" packages="5" files="18" classes="18"/>
    <package name="src">
      <metrics statements="1" coveredstatements="0" conditionals="0" coveredconditionals="0" methods="0" coveredmethods="0"/>
      <file name="index.js" path="/Users/apple/lighthouse/scheduler/src/index.js">
        <metrics statements="1" coveredstatements="0" conditionals="0" coveredconditionals="0" methods="0" coveredmethods="0"/>
        <line num="8" count="0" type="stmt"/>
      </file>
    </package>
    <package name="src.components">
      <metrics statements="28" coveredstatements="28" conditionals="6" coveredconditionals="6" methods="12" coveredmethods="12"/>
      <file name="Application.js" path="/Users/apple/lighthouse/scheduler/src/components/Application.js">
        <metrics statements="5" coveredstatements="5" conditionals="0" coveredconditionals="0" methods="2" coveredmethods="2"/>
        <line num="16" count="16" type="stmt"/>
        <line num="18" count="16" type="stmt"/>
        <line num="20" count="16" type="stmt"/>
        <line num="22" count="20" type="stmt"/>
        <line num="35" count="16" type="stmt"/>
      </file>
      <file name="Button.js" path="/Users/apple/lighthouse/scheduler/src/components/Button.js">
        <metrics statements="2" coveredstatements="2" conditionals="0" coveredconditionals="0" methods="1" coveredmethods="1"/>
        <line num="8" count="52" type="stmt"/>
        <line num="13" count="52" type="stmt"/>
      </file>
      <file name="DayList.js" path="/Users/apple/lighthouse/scheduler/src/components/DayList.js">
        <metrics statements="3" coveredstatements="3" conditionals="0" coveredconditionals="0" methods="2" coveredmethods="2"/>
        <line num="5" count="16" type="stmt"/>
        <line num="7" count="20" type="stmt"/>
        <line num="16" count="16" type="stmt"/>
      </file>
      <file name="DayListItem.js" path="/Users/apple/lighthouse/scheduler/src/components/DayListItem.js">
        <metrics statements="11" coveredstatements="11" conditionals="4" coveredconditionals="4" methods="3" coveredmethods="3"/>
        <line num="8" count="22" type="stmt"/>
        <line num="13" count="22" type="stmt"/>
        <line num="14" count="22" type="stmt"/>
        <line num="15" count="22" type="cond" truecount="2" falsecount="0"/>
        <line num="16" count="1" type="stmt"/>
        <line num="17" count="21" type="cond" truecount="2" falsecount="0"/>
        <line num="18" count="19" type="stmt"/>
        <line num="20" count="2" type="stmt"/>
        <line num="21" count="22" type="stmt"/>
        <line num="24" count="22" type="stmt"/>
        <line num="28" count="1" type="stmt"/>
      </file>
      <file name="InterviewerList.js" path="/Users/apple/lighthouse/scheduler/src/components/InterviewerList.js">
        <metrics statements="5" coveredstatements="5" conditionals="0" coveredconditionals="0" methods="3" coveredmethods="3"/>
        <line num="8" count="21" type="stmt"/>
        <line num="9" count="30" type="stmt"/>
        <line num="15" count="3" type="stmt"/>
        <line num="18" count="21" type="stmt"/>
        <line num="25" count="3" type="stmt"/>
      </file>
      <file name="InterviewerListItem.js" path="/Users/apple/lighthouse/scheduler/src/components/InterviewerListItem.js">
        <metrics statements="2" coveredstatements="2" conditionals="2" coveredconditionals="2" methods="1" coveredmethods="1"/>
        <line num="12" count="30" type="stmt"/>
        <line num="14" count="30" type="stmt"/>
      </file>
    </package>
    <package name="src.components.Appointment">
      <metrics statements="52" coveredstatements="51" conditionals="30" coveredconditionals="30" methods="22" coveredmethods="21"/>
      <file name="Confirm.js" path="/Users/apple/lighthouse/scheduler/src/components/Appointment/Confirm.js">
        <metrics statements="1" coveredstatements="1" conditionals="0" coveredconditionals="0" methods="1" coveredmethods="1"/>
        <line num="5" count="2" type="stmt"/>
      </file>
      <file name="Empty.js" path="/Users/apple/lighthouse/scheduler/src/components/Appointment/Empty.js">
        <metrics statements="2" coveredstatements="2" conditionals="0" coveredconditionals="0" methods="1" coveredmethods="1"/>
        <line num="5" count="27" type="stmt"/>
        <line num="8" count="27" type="stmt"/>
      </file>
      <file name="Error.js" path="/Users/apple/lighthouse/scheduler/src/components/Appointment/Error.js">
        <metrics statements="1" coveredstatements="1" conditionals="0" coveredconditionals="0" methods="1" coveredmethods="1"/>
        <line num="4" count="2" type="stmt"/>
      </file>
      <file name="Form.js" path="/Users/apple/lighthouse/scheduler/src/components/Appointment/Form.js">
        <metrics statements="22" coveredstatements="21" conditionals="10" coveredconditionals="10" methods="6" coveredmethods="5"/>
        <line num="3" count="3" type="stmt"/>
        <line num="6" count="21" type="cond" truecount="2" falsecount="0"/>
        <line num="7" count="21" type="cond" truecount="2" falsecount="0"/>
        <line num="8" count="21" type="stmt"/>
        <line num="10" count="21" type="stmt"/>
        <line num="11" count="1" type="stmt"/>
        <line num="12" count="1" type="stmt"/>
        <line num="15" count="21" type="stmt"/>
        <line num="16" count="1" type="stmt"/>
        <line num="17" count="1" type="stmt"/>
        <line num="20" count="21" type="cond" truecount="2" falsecount="0"/>
        <line num="23" count="7" type="cond" truecount="2" falsecount="0"/>
        <line num="24" count="2" type="stmt"/>
        <line num="25" count="2" type="stmt"/>
        <line num="26" count="5" type="cond" truecount="2" falsecount="0"/>
        <line num="27" count="1" type="stmt"/>
        <line num="28" count="1" type="stmt"/>
        <line num="30" count="4" type="stmt"/>
        <line num="31" count="4" type="stmt"/>
        <line num="34" count="21" type="stmt"/>
        <line num="37" count="0" type="stmt"/>
        <line num="45" count="5" type="stmt"/>
      </file>
      <file name="Header.js" path="/Users/apple/lighthouse/scheduler/src/components/Appointment/Header.js">
        <metrics statements="1" coveredstatements="1" conditionals="0" coveredconditionals="0" methods="1" coveredmethods="1"/>
        <line num="4" count="52" type="stmt"/>
      </file>
      <file name="Show.js" path="/Users/apple/lighthouse/scheduler/src/components/Appointment/Show.js">
        <metrics statements="1" coveredstatements="1" conditionals="0" coveredconditionals="0" methods="1" coveredmethods="1"/>
        <line num="4" count="10" type="stmt"/>
      </file>
      <file name="Status.js" path="/Users/apple/lighthouse/scheduler/src/components/Appointment/Status.js">
        <metrics statements="1" coveredstatements="1" conditionals="0" coveredconditionals="0" methods="1" coveredmethods="1"/>
        <line num="4" count="8" type="stmt"/>
      </file>
      <file name="index.js" path="/Users/apple/lighthouse/scheduler/src/components/Appointment/index.js">
        <metrics statements="23" coveredstatements="23" conditionals="20" coveredconditionals="20" methods="10" coveredmethods="10"/>
        <line num="14" count="52" type="stmt"/>
        <line num="15" count="52" type="stmt"/>
        <line num="16" count="52" type="stmt"/>
        <line num="17" count="52" type="stmt"/>
        <line num="18" count="52" type="stmt"/>
        <line num="19" count="52" type="stmt"/>
        <line num="20" count="52" type="stmt"/>
        <line num="21" count="52" type="stmt"/>
        <line num="22" count="52" type="stmt"/>
        <line num="23" count="52" type="stmt"/>
        <line num="28" count="3" type="stmt"/>
        <line num="32" count="3" type="stmt"/>
        <line num="33" count="3" type="stmt"/>
        <line num="34" count="2" type="stmt"/>
        <line num="35" count="1" type="stmt"/>
        <line num="39" count="2" type="stmt"/>
        <line num="40" count="2" type="stmt"/>
        <line num="42" count="1" type="stmt"/>
        <line num="43" count="1" type="stmt"/>
        <line num="46" count="52" type="stmt"/>
        <line num="49" count="2" type="cond" truecount="2" falsecount="0"/>
        <line num="54" count="2" type="stmt"/>
        <line num="55" count="1" type="stmt"/>
      </file>
    </package>
    <package name="src.helpers">
      <metrics statements="22" coveredstatements="22" conditionals="12" coveredconditionals="11" methods="7" coveredmethods="7"/>
      <file name="selectors.js" path="/Users/apple/lighthouse/scheduler/src/helpers/selectors.js">
        <metrics statements="22" coveredstatements="22" conditionals="12" coveredconditionals="11" methods="7" coveredmethods="7"/>
        <line num="2" count="28" type="stmt"/>
        <line num="3" count="21" type="stmt"/>
        <line num="4" count="21" type="cond" truecount="2" falsecount="0"/>
        <line num="5" count="13" type="stmt"/>
        <line num="6" count="55" type="cond" truecount="2" falsecount="0"/>
        <line num="7" count="28" type="stmt"/>
        <line num="11" count="21" type="stmt"/>
        <line num="15" count="22" type="stmt"/>
        <line num="16" count="22" type="cond" truecount="2" falsecount="0"/>
        <line num="17" count="11" type="stmt"/>
        <line num="18" count="11" type="stmt"/>
        <line num="19" count="11" type="stmt"/>
        <line num="21" count="11" type="stmt"/>
        <line num="25" count="28" type="stmt"/>
        <line num="26" count="21" type="cond" truecount="2" falsecount="0"/>
        <line num="27" count="8" type="stmt"/>
        <line num="29" count="13" type="stmt"/>
        <line num="30" count="13" type="cond" truecount="1" falsecount="1"/>
        <line num="31" count="13" type="stmt"/>
        <line num="32" count="49" type="cond" truecount="2" falsecount="0"/>
        <line num="33" count="26" type="stmt"/>
        <line num="37" count="13" type="stmt"/>
      </file>
    </package>
    <package name="src.hooks">
      <metrics statements="33" coveredstatements="33" conditionals="8" coveredconditionals="7" methods="14" coveredmethods="14"/>
      <file name="useApplicationData.js" path="/Users/apple/lighthouse/scheduler/src/hooks/useApplicationData.js">
        <metrics statements="21" coveredstatements="21" conditionals="3" coveredconditionals="2" methods="11" coveredmethods="11"/>
        <line num="6" count="16" type="stmt"/>
        <line num="13" count="16" type="stmt"/>
        <line num="14" count="6" type="stmt"/>
        <line num="19" count="6" type="stmt"/>
        <line num="20" count="6" type="stmt"/>
        <line num="25" count="3" type="stmt"/>
        <line num="29" count="3" type="stmt"/>
        <line num="35" count="3" type="stmt"/>
        <line num="36" count="3" type="cond" truecount="2" falsecount="0"/>
        <line num="37" count="4" type="stmt"/>
        <line num="38" count="2" type="stmt"/>
        <line num="41" count="3" type="stmt"/>
        <line num="43" count="2" type="stmt"/>
        <line num="53" count="2" type="stmt"/>
        <line num="60" count="4" type="stmt"/>
        <line num="61" count="2" type="stmt"/>
        <line num="62" count="2" type="stmt"/>
        <line num="65" count="2" type="stmt"/>
        <line num="67" count="1" type="stmt"/>
        <line num="75" count="16" type="stmt"/>
        <line num="77" count="16" type="stmt"/>
      </file>
      <file name="useVisualMode.js" path="/Users/apple/lighthouse/scheduler/src/hooks/useVisualMode.js">
        <metrics statements="12" coveredstatements="12" conditionals="5" coveredconditionals="5" methods="3" coveredmethods="3"/>
        <line num="4" count="65" type="stmt"/>
        <line num="5" count="65" type="stmt"/>
        <line num="7" count="65" type="cond" truecount="1" falsecount="0"/>
        <line num="8" count="20" type="cond" truecount="2" falsecount="0"/>
        <line num="9" count="8" type="stmt"/>
        <line num="11" count="12" type="stmt"/>
        <line num="13" count="20" type="stmt"/>
        <line num="15" count="65" type="stmt"/>
        <line num="16" count="4" type="cond" truecount="2" falsecount="0"/>
        <line num="17" count="3" type="stmt"/>
        <line num="18" count="3" type="stmt"/>
        <line num="22" count="65" type="stmt"/>
      </file>
    </package>
  </project>
</coverage>
