{"/Users/apple/lighthouse/scheduler/src/index.js": {"path":"/Users/apple/lighthouse/scheduler/src/index.js","statementMap":{"0":{"start":{"line":8,"column":0},"end":{"line":8,"column":66}}},"fnMap":{},"branchMap":{},"s":{"0":0},"f":{},"b":{},"hash":"21dd3068ac4c8488cae198d9b364ea4add28a0fb"}
,"/Users/apple/lighthouse/scheduler/src/components/Application.js": {"path":"/Users/apple/lighthouse/scheduler/src/components/Application.js","statementMap":{"0":{"start":{"line":16,"column":6},"end":{"line":16,"column":26}},"1":{"start":{"line":18,"column":23},"end":{"line":18,"column":62}},"2":{"start":{"line":20,"column":19},"end":{"line":32,"column":4}},"3":{"start":{"line":22,"column":6},"end":{"line":31,"column":7}},"4":{"start":{"line":35,"column":2},"end":{"line":69,"column":4}}},"fnMap":{"0":{"name":"Application","decl":{"start":{"line":10,"column":24},"end":{"line":10,"column":35}},"loc":{"start":{"line":10,"column":43},"end":{"line":70,"column":1}},"line":10},"1":{"name":"(anonymous_1)","decl":{"start":{"line":21,"column":4},"end":{"line":21,"column":5}},"loc":{"start":{"line":21,"column":19},"end":{"line":32,"column":3}},"line":21}},"branchMap":{},"s":{"0":16,"1":16,"2":16,"3":20,"4":16},"f":{"0":16,"1":20},"b":{},"_coverageSchema":"43e27e138ebf9cfc5966b082cf9a028302ed4184","hash":"e852a77b5dce9b723d0b31bf2ca1196ffc9e1229"}
,"/Users/apple/lighthouse/scheduler/src/components/Button.js": {"path":"/Users/apple/lighthouse/scheduler/src/components/Button.js","statementMap":{"0":{"start":{"line":8,"column":21},"end":{"line":11,"column":5}},"1":{"start":{"line":13,"column":3},"end":{"line":21,"column":5}}},"fnMap":{"0":{"name":"Button","decl":{"start":{"line":7,"column":24},"end":{"line":7,"column":30}},"loc":{"start":{"line":7,"column":38},"end":{"line":22,"column":1}},"line":7}},"branchMap":{},"s":{"0":52,"1":52},"f":{"0":52},"b":{},"_coverageSchema":"43e27e138ebf9cfc5966b082cf9a028302ed4184","hash":"286316c031abe75ee459f7997b2c7b1ebe0086af"}
,"/Users/apple/lighthouse/scheduler/src/components/DayList.js": {"path":"/Users/apple/lighthouse/scheduler/src/components/DayList.js","statementMap":{"0":{"start":{"line":5,"column":22},"end":{"line":14,"column":4}},"1":{"start":{"line":7,"column":4},"end":{"line":13,"column":6}},"2":{"start":{"line":16,"column":2},"end":{"line":16,"column":31}}},"fnMap":{"0":{"name":"DayList","decl":{"start":{"line":4,"column":24},"end":{"line":4,"column":31}},"loc":{"start":{"line":4,"column":39},"end":{"line":17,"column":1}},"line":4},"1":{"name":"(anonymous_1)","decl":{"start":{"line":5,"column":37},"end":{"line":5,"column":38}},"loc":{"start":{"line":7,"column":4},"end":{"line":13,"column":6}},"line":7}},"branchMap":{},"s":{"0":16,"1":20,"2":16},"f":{"0":16,"1":20},"b":{},"_coverageSchema":"43e27e138ebf9cfc5966b082cf9a028302ed4184","hash":"c1aeaf1fa0f08beef333a32657e5741558db6bb2"}
,"/Users/apple/lighthouse/scheduler/src/components/DayListItem.js": {"path":"/Users/apple/lighthouse/scheduler/src/components/DayListItem.js","statementMap":{"0":{"start":{"line":8,"column":19},"end":{"line":11,"column":4}},"1":{"start":{"line":13,"column":22},"end":{"line":22,"column":3}},"2":{"start":{"line":14,"column":21},"end":{"line":14,"column":23}},"3":{"start":{"line":15,"column":4},"end":{"line":21,"column":5}},"4":{"start":{"line":16,"column":6},"end":{"line":16,"column":51}},"5":{"start":{"line":17,"column":11},"end":{"line":21,"column":5}},"6":{"start":{"line":18,"column":6},"end":{"line":18,"column":38}},"7":{"start":{"line":20,"column":6},"end":{"line":20,"column":39}},"8":{"start":{"line":21,"column":6},"end":{"line":21,"column":24}},"9":{"start":{"line":24,"column":2},"end":{"line":33,"column":4}},"10":{"start":{"line":28,"column":18},"end":{"line":28,"column":42}}},"fnMap":{"0":{"name":"DayListItem","decl":{"start":{"line":6,"column":24},"end":{"line":6,"column":35}},"loc":{"start":{"line":6,"column":43},"end":{"line":34,"column":1}},"line":6},"1":{"name":"(anonymous_1)","decl":{"start":{"line":13,"column":22},"end":{"line":13,"column":23}},"loc":{"start":{"line":13,"column":28},"end":{"line":22,"column":3}},"line":13},"2":{"name":"(anonymous_2)","decl":{"start":{"line":28,"column":13},"end":{"line":28,"column":14}},"loc":{"start":{"line":28,"column":18},"end":{"line":28,"column":42}},"line":28}},"branchMap":{"0":{"loc":{"start":{"line":15,"column":4},"end":{"line":21,"column":5}},"type":"if","locations":[{"start":{"line":15,"column":4},"end":{"line":21,"column":5}},{"start":{"line":15,"column":4},"end":{"line":21,"column":5}}],"line":15},"1":{"loc":{"start":{"line":17,"column":11},"end":{"line":21,"column":5}},"type":"if","locations":[{"start":{"line":17,"column":11},"end":{"line":21,"column":5}},{"start":{"line":17,"column":11},"end":{"line":21,"column":5}}],"line":17}},"s":{"0":22,"1":22,"2":22,"3":22,"4":1,"5":21,"6":19,"7":2,"8":22,"9":22,"10":1},"f":{"0":22,"1":22,"2":1},"b":{"0":[1,21],"1":[19,2]},"_coverageSchema":"43e27e138ebf9cfc5966b082cf9a028302ed4184","hash":"1c1335ae08a5f9aabb47106b5529fb721a288948"}
,"/Users/apple/lighthouse/scheduler/src/components/InterviewerList.js": {"path":"/Users/apple/lighthouse/scheduler/src/components/InterviewerList.js","statementMap":{"0":{"start":{"line":8,"column":23},"end":{"line":17,"column":4}},"1":{"start":{"line":9,"column":4},"end":{"line":16,"column":6}},"2":{"start":{"line":15,"column":26},"end":{"line":15,"column":56}},"3":{"start":{"line":18,"column":2},"end":{"line":23,"column":1}},"4":{"start":{"line":25,"column":0},"end":{"line":28,"column":2}}},"fnMap":{"0":{"name":"InterviewerList","decl":{"start":{"line":6,"column":9},"end":{"line":6,"column":24}},"loc":{"start":{"line":6,"column":33},"end":{"line":23,"column":2}},"line":6},"1":{"name":"(anonymous_1)","decl":{"start":{"line":8,"column":46},"end":{"line":8,"column":47}},"loc":{"start":{"line":9,"column":4},"end":{"line":16,"column":6}},"line":9},"2":{"name":"(anonymous_2)","decl":{"start":{"line":15,"column":22},"end":{"line":15,"column":23}},"loc":{"start":{"line":15,"column":26},"end":{"line":15,"column":56}},"line":15}},"branchMap":{},"s":{"0":21,"1":30,"2":3,"3":21,"4":3},"f":{"0":21,"1":30,"2":3},"b":{},"_coverageSchema":"43e27e138ebf9cfc5966b082cf9a028302ed4184","hash":"c037a4b7032cf4edf82400269ffc4f06fd295fe7"}
,"/Users/apple/lighthouse/scheduler/src/components/InterviewerListItem.js": {"path":"/Users/apple/lighthouse/scheduler/src/components/InterviewerListItem.js","statementMap":{"0":{"start":{"line":12,"column":27},"end":{"line":13,"column":51}},"1":{"start":{"line":14,"column":2},"end":{"line":23,"column":3}}},"fnMap":{"0":{"name":"InterviewerListItem","decl":{"start":{"line":11,"column":24},"end":{"line":11,"column":43}},"loc":{"start":{"line":11,"column":52},"end":{"line":24,"column":1}},"line":11}},"branchMap":{"0":{"loc":{"start":{"line":21,"column":7},"end":{"line":21,"column":35}},"type":"binary-expr","locations":[{"start":{"line":21,"column":7},"end":{"line":21,"column":21}},{"start":{"line":21,"column":25},"end":{"line":21,"column":35}}],"line":21}},"s":{"0":30,"1":30},"f":{"0":30},"b":{"0":[30,9]},"_coverageSchema":"43e27e138ebf9cfc5966b082cf9a028302ed4184","hash":"b2facbf57eac918086e50dc38f2779e55510aae8"}
,"/Users/apple/lighthouse/scheduler/src/components/Appointment/Confirm.js": {"path":"/Users/apple/lighthouse/scheduler/src/components/Appointment/Confirm.js","statementMap":{"0":{"start":{"line":5,"column":2},"end":{"line":12,"column":10}}},"fnMap":{"0":{"name":"Confirm","decl":{"start":{"line":4,"column":24},"end":{"line":4,"column":31}},"loc":{"start":{"line":4,"column":39},"end":{"line":13,"column":1}},"line":4}},"branchMap":{},"s":{"0":2},"f":{"0":2},"b":{},"_coverageSchema":"43e27e138ebf9cfc5966b082cf9a028302ed4184","hash":"b0ea46bb163f29149ad222aaa5377189d86c03b1"}
,"/Users/apple/lighthouse/scheduler/src/components/Appointment/Empty.js": {"path":"/Users/apple/lighthouse/scheduler/src/components/Appointment/Empty.js","statementMap":{"0":{"start":{"line":5,"column":25},"end":{"line":7,"column":4}},"1":{"start":{"line":8,"column":2},"end":{"line":17,"column":3}}},"fnMap":{"0":{"name":"Empty","decl":{"start":{"line":4,"column":24},"end":{"line":4,"column":29}},"loc":{"start":{"line":4,"column":37},"end":{"line":18,"column":1}},"line":4}},"branchMap":{},"s":{"0":27,"1":27},"f":{"0":27},"b":{},"_coverageSchema":"43e27e138ebf9cfc5966b082cf9a028302ed4184","hash":"bb566b49bcb3f61f9364778240a6ac1e4d2ab7bf"}
,"/Users/apple/lighthouse/scheduler/src/components/Appointment/Error.js": {"path":"/Users/apple/lighthouse/scheduler/src/components/Appointment/Error.js","statementMap":{"0":{"start":{"line":4,"column":2},"end":{"line":17,"column":3}}},"fnMap":{"0":{"name":"Error","decl":{"start":{"line":3,"column":24},"end":{"line":3,"column":29}},"loc":{"start":{"line":3,"column":37},"end":{"line":18,"column":1}},"line":3}},"branchMap":{},"s":{"0":2},"f":{"0":2},"b":{},"_coverageSchema":"43e27e138ebf9cfc5966b082cf9a028302ed4184","hash":"254f7d8df5962c7ce8839451a2d0de1d0a0fb4bc"}
,"/Users/apple/lighthouse/scheduler/src/components/Appointment/Form.js": {"path":"/Users/apple/lighthouse/scheduler/src/components/Appointment/Form.js","statementMap":{"0":{"start":{"line":3,"column":28},"end":{"line":3,"column":65}},"1":{"start":{"line":6,"column":26},"end":{"line":6,"column":52}},"2":{"start":{"line":7,"column":40},"end":{"line":7,"column":75}},"3":{"start":{"line":8,"column":28},"end":{"line":8,"column":40}},"4":{"start":{"line":10,"column":14},"end":{"line":13,"column":3}},"5":{"start":{"line":11,"column":4},"end":{"line":11,"column":16}},"6":{"start":{"line":12,"column":4},"end":{"line":12,"column":25}},"7":{"start":{"line":15,"column":15},"end":{"line":18,"column":3}},"8":{"start":{"line":16,"column":4},"end":{"line":16,"column":12}},"9":{"start":{"line":17,"column":4},"end":{"line":17,"column":21}},"10":{"start":{"line":20,"column":15},"end":{"line":20,"column":39}},"11":{"start":{"line":23,"column":4},"end":{"line":29,"column":5}},"12":{"start":{"line":24,"column":6},"end":{"line":24,"column":47}},"13":{"start":{"line":25,"column":6},"end":{"line":25,"column":13}},"14":{"start":{"line":26,"column":11},"end":{"line":29,"column":5}},"15":{"start":{"line":27,"column":6},"end":{"line":27,"column":47}},"16":{"start":{"line":28,"column":6},"end":{"line":28,"column":13}},"17":{"start":{"line":30,"column":4},"end":{"line":30,"column":17}},"18":{"start":{"line":31,"column":4},"end":{"line":31,"column":42}},"19":{"start":{"line":34,"column":2},"end":{"line":62,"column":3}},"20":{"start":{"line":37,"column":48},"end":{"line":37,"column":70}},"21":{"start":{"line":45,"column":12},"end":{"line":45,"column":39}}},"fnMap":{"0":{"name":"Form","decl":{"start":{"line":5,"column":24},"end":{"line":5,"column":28}},"loc":{"start":{"line":5,"column":36},"end":{"line":63,"column":1}},"line":5},"1":{"name":"(anonymous_1)","decl":{"start":{"line":10,"column":14},"end":{"line":10,"column":15}},"loc":{"start":{"line":10,"column":24},"end":{"line":13,"column":3}},"line":10},"2":{"name":"(anonymous_2)","decl":{"start":{"line":15,"column":15},"end":{"line":15,"column":16}},"loc":{"start":{"line":15,"column":26},"end":{"line":18,"column":3}},"line":15},"3":{"name":"validate","decl":{"start":{"line":22,"column":11},"end":{"line":22,"column":19}},"loc":{"start":{"line":22,"column":21},"end":{"line":32,"column":3}},"line":22},"4":{"name":"(anonymous_4)","decl":{"start":{"line":37,"column":41},"end":{"line":37,"column":42}},"loc":{"start":{"line":37,"column":48},"end":{"line":37,"column":70}},"line":37},"5":{"name":"(anonymous_5)","decl":{"start":{"line":44,"column":20},"end":{"line":44,"column":21}},"loc":{"start":{"line":44,"column":29},"end":{"line":46,"column":11}},"line":44}},"branchMap":{"0":{"loc":{"start":{"line":6,"column":35},"end":{"line":6,"column":51}},"type":"binary-expr","locations":[{"start":{"line":6,"column":35},"end":{"line":6,"column":45}},{"start":{"line":6,"column":49},"end":{"line":6,"column":51}}],"line":6},"1":{"loc":{"start":{"line":7,"column":49},"end":{"line":7,"column":74}},"type":"binary-expr","locations":[{"start":{"line":7,"column":49},"end":{"line":7,"column":66}},{"start":{"line":7,"column":70},"end":{"line":7,"column":74}}],"line":7},"2":{"loc":{"start":{"line":20,"column":15},"end":{"line":20,"column":39}},"type":"cond-expr","locations":[{"start":{"line":20,"column":28},"end":{"line":20,"column":32}},{"start":{"line":20,"column":34},"end":{"line":20,"column":39}}],"line":20},"3":{"loc":{"start":{"line":23,"column":4},"end":{"line":29,"column":5}},"type":"if","locations":[{"start":{"line":23,"column":4},"end":{"line":29,"column":5}},{"start":{"line":23,"column":4},"end":{"line":29,"column":5}}],"line":23},"4":{"loc":{"start":{"line":26,"column":11},"end":{"line":29,"column":5}},"type":"if","locations":[{"start":{"line":26,"column":11},"end":{"line":29,"column":5}},{"start":{"line":26,"column":11},"end":{"line":29,"column":5}}],"line":26}},"s":{"0":3,"1":21,"2":21,"3":21,"4":21,"5":1,"6":1,"7":21,"8":1,"9":1,"10":21,"11":7,"12":2,"13":2,"14":5,"15":1,"16":1,"17":4,"18":4,"19":21,"20":0,"21":5},"f":{"0":21,"1":1,"2":1,"3":7,"4":0,"5":5},"b":{"0":[21,13],"1":[21,14],"2":[3,18],"3":[2,5],"4":[1,4]},"_coverageSchema":"43e27e138ebf9cfc5966b082cf9a028302ed4184","hash":"43cc5531f7768935a2bf45b55445f259c4aa7202"}
,"/Users/apple/lighthouse/scheduler/src/components/Appointment/Header.js": {"path":"/Users/apple/lighthouse/scheduler/src/components/Appointment/Header.js","statementMap":{"0":{"start":{"line":4,"column":2},"end":{"line":9,"column":3}}},"fnMap":{"0":{"name":"Header","decl":{"start":{"line":3,"column":24},"end":{"line":3,"column":30}},"loc":{"start":{"line":3,"column":38},"end":{"line":10,"column":1}},"line":3}},"branchMap":{},"s":{"0":52},"f":{"0":52},"b":{},"_coverageSchema":"43e27e138ebf9cfc5966b082cf9a028302ed4184","hash":"8defc02c88dd93bd8ba30b2331e348b4868b9c1a"}
,"/Users/apple/lighthouse/scheduler/src/components/Appointment/Show.js": {"path":"/Users/apple/lighthouse/scheduler/src/components/Appointment/Show.js","statementMap":{"0":{"start":{"line":4,"column":2},"end":{"line":28,"column":10}}},"fnMap":{"0":{"name":"Show","decl":{"start":{"line":3,"column":24},"end":{"line":3,"column":28}},"loc":{"start":{"line":3,"column":36},"end":{"line":29,"column":1}},"line":3}},"branchMap":{},"s":{"0":10},"f":{"0":10},"b":{},"_coverageSchema":"43e27e138ebf9cfc5966b082cf9a028302ed4184","hash":"cf73f9e0b851c2f738b67deb367ad883e32aa5ed"}
,"/Users/apple/lighthouse/scheduler/src/components/Appointment/Status.js": {"path":"/Users/apple/lighthouse/scheduler/src/components/Appointment/Status.js","statementMap":{"0":{"start":{"line":4,"column":2},"end":{"line":13,"column":3}}},"fnMap":{"0":{"name":"Status","decl":{"start":{"line":3,"column":24},"end":{"line":3,"column":30}},"loc":{"start":{"line":3,"column":38},"end":{"line":14,"column":1}},"line":3}},"branchMap":{},"s":{"0":8},"f":{"0":8},"b":{},"_coverageSchema":"43e27e138ebf9cfc5966b082cf9a028302ed4184","hash":"c36d3f54579b398d98591b9c65aa3c21d7a03b00"}
,"/Users/apple/lighthouse/scheduler/src/components/Appointment/index.js": {"path":"/Users/apple/lighthouse/scheduler/src/components/Appointment/index.js","statementMap":{"0":{"start":{"line":14,"column":16},"end":{"line":14,"column":23}},"1":{"start":{"line":15,"column":15},"end":{"line":15,"column":21}},"2":{"start":{"line":16,"column":17},"end":{"line":16,"column":25}},"3":{"start":{"line":17,"column":17},"end":{"line":17,"column":25}},"4":{"start":{"line":18,"column":19},"end":{"line":18,"column":29}},"5":{"start":{"line":19,"column":18},"end":{"line":19,"column":27}},"6":{"start":{"line":20,"column":15},"end":{"line":20,"column":21}},"7":{"start":{"line":21,"column":21},"end":{"line":21,"column":33}},"8":{"start":{"line":22,"column":23},"end":{"line":22,"column":37}},"9":{"start":{"line":23,"column":37},"end":{"line":25,"column":3}},"10":{"start":{"line":28,"column":22},"end":{"line":31,"column":5}},"11":{"start":{"line":32,"column":4},"end":{"line":32,"column":29}},"12":{"start":{"line":33,"column":4},"end":{"line":35,"column":44}},"13":{"start":{"line":34,"column":17},"end":{"line":34,"column":33}},"14":{"start":{"line":35,"column":15},"end":{"line":35,"column":43}},"15":{"start":{"line":39,"column":4},"end":{"line":39,"column":30}},"16":{"start":{"line":40,"column":4},"end":{"line":43,"column":48}},"17":{"start":{"line":42,"column":16},"end":{"line":42,"column":33}},"18":{"start":{"line":43,"column":17},"end":{"line":43,"column":47}},"19":{"start":{"line":46,"column":2},"end":{"line":101,"column":3}},"20":{"start":{"line":49,"column":55},"end":{"line":49,"column":73}},"21":{"start":{"line":54,"column":22},"end":{"line":54,"column":41}},"22":{"start":{"line":55,"column":20},"end":{"line":55,"column":36}}},"fnMap":{"0":{"name":"Appointment","decl":{"start":{"line":12,"column":24},"end":{"line":12,"column":35}},"loc":{"start":{"line":12,"column":43},"end":{"line":102,"column":1}},"line":12},"1":{"name":"save","decl":{"start":{"line":27,"column":11},"end":{"line":27,"column":15}},"loc":{"start":{"line":27,"column":41},"end":{"line":36,"column":3}},"line":27},"2":{"name":"(anonymous_2)","decl":{"start":{"line":34,"column":10},"end":{"line":34,"column":11}},"loc":{"start":{"line":34,"column":17},"end":{"line":34,"column":33}},"line":34},"3":{"name":"(anonymous_3)","decl":{"start":{"line":35,"column":11},"end":{"line":35,"column":12}},"loc":{"start":{"line":35,"column":15},"end":{"line":35,"column":43}},"line":35},"4":{"name":"deleteInterview","decl":{"start":{"line":38,"column":11},"end":{"line":38,"column":26}},"loc":{"start":{"line":38,"column":29},"end":{"line":44,"column":3}},"line":38},"5":{"name":"(anonymous_5)","decl":{"start":{"line":42,"column":12},"end":{"line":42,"column":13}},"loc":{"start":{"line":42,"column":16},"end":{"line":42,"column":33}},"line":42},"6":{"name":"(anonymous_6)","decl":{"start":{"line":43,"column":13},"end":{"line":43,"column":14}},"loc":{"start":{"line":43,"column":17},"end":{"line":43,"column":47}},"line":43},"7":{"name":"(anonymous_7)","decl":{"start":{"line":49,"column":51},"end":{"line":49,"column":52}},"loc":{"start":{"line":49,"column":55},"end":{"line":49,"column":73}},"line":49},"8":{"name":"(anonymous_8)","decl":{"start":{"line":54,"column":18},"end":{"line":54,"column":19}},"loc":{"start":{"line":54,"column":22},"end":{"line":54,"column":41}},"line":54},"9":{"name":"(anonymous_9)","decl":{"start":{"line":55,"column":16},"end":{"line":55,"column":17}},"loc":{"start":{"line":55,"column":20},"end":{"line":55,"column":36}},"line":55}},"branchMap":{"0":{"loc":{"start":{"line":24,"column":4},"end":{"line":24,"column":34}},"type":"cond-expr","locations":[{"start":{"line":24,"column":22},"end":{"line":24,"column":26}},{"start":{"line":24,"column":29},"end":{"line":24,"column":34}}],"line":24},"1":{"loc":{"start":{"line":49,"column":5},"end":{"line":49,"column":77}},"type":"binary-expr","locations":[{"start":{"line":49,"column":5},"end":{"line":49,"column":19}},{"start":{"line":49,"column":23},"end":{"line":49,"column":77}}],"line":49},"2":{"loc":{"start":{"line":50,"column":5},"end":{"line":57,"column":5}},"type":"binary-expr","locations":[{"start":{"line":50,"column":5},"end":{"line":50,"column":18}},{"start":{"line":51,"column":6},"end":{"line":56,"column":8}}],"line":50},"3":{"loc":{"start":{"line":58,"column":5},"end":{"line":64,"column":5}},"type":"binary-expr","locations":[{"start":{"line":58,"column":5},"end":{"line":58,"column":20}},{"start":{"line":59,"column":6},"end":{"line":63,"column":8}}],"line":58},"4":{"loc":{"start":{"line":65,"column":5},"end":{"line":74,"column":5}},"type":"binary-expr","locations":[{"start":{"line":65,"column":5},"end":{"line":65,"column":18}},{"start":{"line":66,"column":6},"end":{"line":73,"column":8}}],"line":65},"5":{"loc":{"start":{"line":75,"column":5},"end":{"line":77,"column":5}},"type":"binary-expr","locations":[{"start":{"line":75,"column":5},"end":{"line":75,"column":20}},{"start":{"line":76,"column":6},"end":{"line":76,"column":32}}],"line":75},"6":{"loc":{"start":{"line":78,"column":5},"end":{"line":80,"column":5}},"type":"binary-expr","locations":[{"start":{"line":78,"column":5},"end":{"line":78,"column":22}},{"start":{"line":79,"column":6},"end":{"line":79,"column":34}}],"line":78},"7":{"loc":{"start":{"line":81,"column":5},"end":{"line":87,"column":5}},"type":"binary-expr","locations":[{"start":{"line":81,"column":5},"end":{"line":81,"column":21}},{"start":{"line":82,"column":6},"end":{"line":86,"column":8}}],"line":81},"8":{"loc":{"start":{"line":88,"column":5},"end":{"line":93,"column":5}},"type":"binary-expr","locations":[{"start":{"line":88,"column":5},"end":{"line":88,"column":26}},{"start":{"line":89,"column":6},"end":{"line":92,"column":8}}],"line":88},"9":{"loc":{"start":{"line":94,"column":5},"end":{"line":99,"column":5}},"type":"binary-expr","locations":[{"start":{"line":94,"column":5},"end":{"line":94,"column":24}},{"start":{"line":95,"column":6},"end":{"line":98,"column":8}}],"line":94}},"s":{"0":52,"1":52,"2":52,"3":52,"4":52,"5":52,"6":52,"7":52,"8":52,"9":52,"10":3,"11":3,"12":3,"13":2,"14":1,"15":2,"16":2,"17":1,"18":1,"19":52,"20":2,"21":2,"22":1},"f":{"0":52,"1":3,"2":2,"3":1,"4":2,"5":1,"6":1,"7":2,"8":2,"9":1},"b":{"0":[19,33],"1":[52,27],"2":[52,10],"3":[52,2],"4":[52,1],"5":[52,5],"6":[52,3],"7":[52,2],"8":[52,1],"9":[52,1]},"_coverageSchema":"43e27e138ebf9cfc5966b082cf9a028302ed4184","hash":"2c5c6bf6637a215d57027e9d027bf9c805418f9a"}
,"/Users/apple/lighthouse/scheduler/src/helpers/selectors.js": {"path":"/Users/apple/lighthouse/scheduler/src/helpers/selectors.js","statementMap":{"0":{"start":{"line":2,"column":16},"end":{"line":2,"column":66}},"1":{"start":{"line":2,"column":45},"end":{"line":2,"column":65}},"2":{"start":{"line":3,"column":28},"end":{"line":3,"column":30}},"3":{"start":{"line":4,"column":2},"end":{"line":10,"column":3}},"4":{"start":{"line":5,"column":4},"end":{"line":9,"column":6}},"5":{"start":{"line":6,"column":6},"end":{"line":8,"column":7}},"6":{"start":{"line":7,"column":8},"end":{"line":7,"column":55}},"7":{"start":{"line":11,"column":2},"end":{"line":11,"column":27}},"8":{"start":{"line":15,"column":22},"end":{"line":15,"column":26}},"9":{"start":{"line":16,"column":2},"end":{"line":20,"column":3}},"10":{"start":{"line":17,"column":4},"end":{"line":17,"column":42}},"11":{"start":{"line":18,"column":24},"end":{"line":18,"column":57}},"12":{"start":{"line":19,"column":4},"end":{"line":19,"column":52}},"13":{"start":{"line":21,"column":2},"end":{"line":21,"column":14}},"14":{"start":{"line":25,"column":16},"end":{"line":25,"column":66}},"15":{"start":{"line":25,"column":45},"end":{"line":25,"column":65}},"16":{"start":{"line":26,"column":2},"end":{"line":28,"column":3}},"17":{"start":{"line":27,"column":4},"end":{"line":27,"column":14}},"18":{"start":{"line":29,"column":27},"end":{"line":29,"column":29}},"19":{"start":{"line":30,"column":2},"end":{"line":36,"column":3}},"20":{"start":{"line":31,"column":4},"end":{"line":35,"column":6}},"21":{"start":{"line":32,"column":6},"end":{"line":34,"column":7}},"22":{"start":{"line":33,"column":8},"end":{"line":33,"column":54}},"23":{"start":{"line":37,"column":2},"end":{"line":37,"column":26}}},"fnMap":{"0":{"name":"getAppointmentsForDay","decl":{"start":{"line":1,"column":16},"end":{"line":1,"column":37}},"loc":{"start":{"line":1,"column":50},"end":{"line":12,"column":1}},"line":1},"1":{"name":"(anonymous_1)","decl":{"start":{"line":2,"column":34},"end":{"line":2,"column":35}},"loc":{"start":{"line":2,"column":45},"end":{"line":2,"column":65}},"line":2},"2":{"name":"(anonymous_2)","decl":{"start":{"line":5,"column":44},"end":{"line":5,"column":45}},"loc":{"start":{"line":5,"column":50},"end":{"line":9,"column":5}},"line":5},"3":{"name":"getInterview","decl":{"start":{"line":14,"column":16},"end":{"line":14,"column":28}},"loc":{"start":{"line":14,"column":47},"end":{"line":22,"column":1}},"line":14},"4":{"name":"getInterviewersForDay","decl":{"start":{"line":24,"column":16},"end":{"line":24,"column":37}},"loc":{"start":{"line":24,"column":50},"end":{"line":38,"column":1}},"line":24},"5":{"name":"(anonymous_5)","decl":{"start":{"line":25,"column":34},"end":{"line":25,"column":35}},"loc":{"start":{"line":25,"column":45},"end":{"line":25,"column":65}},"line":25},"6":{"name":"(anonymous_6)","decl":{"start":{"line":31,"column":44},"end":{"line":31,"column":45}},"loc":{"start":{"line":31,"column":50},"end":{"line":35,"column":5}},"line":31}},"branchMap":{"0":{"loc":{"start":{"line":4,"column":2},"end":{"line":10,"column":3}},"type":"if","locations":[{"start":{"line":4,"column":2},"end":{"line":10,"column":3}},{"start":{"line":4,"column":2},"end":{"line":10,"column":3}}],"line":4},"1":{"loc":{"start":{"line":6,"column":6},"end":{"line":8,"column":7}},"type":"if","locations":[{"start":{"line":6,"column":6},"end":{"line":8,"column":7}},{"start":{"line":6,"column":6},"end":{"line":8,"column":7}}],"line":6},"2":{"loc":{"start":{"line":16,"column":2},"end":{"line":20,"column":3}},"type":"if","locations":[{"start":{"line":16,"column":2},"end":{"line":20,"column":3}},{"start":{"line":16,"column":2},"end":{"line":20,"column":3}}],"line":16},"3":{"loc":{"start":{"line":26,"column":2},"end":{"line":28,"column":3}},"type":"if","locations":[{"start":{"line":26,"column":2},"end":{"line":28,"column":3}},{"start":{"line":26,"column":2},"end":{"line":28,"column":3}}],"line":26},"4":{"loc":{"start":{"line":30,"column":2},"end":{"line":36,"column":3}},"type":"if","locations":[{"start":{"line":30,"column":2},"end":{"line":36,"column":3}},{"start":{"line":30,"column":2},"end":{"line":36,"column":3}}],"line":30},"5":{"loc":{"start":{"line":32,"column":6},"end":{"line":34,"column":7}},"type":"if","locations":[{"start":{"line":32,"column":6},"end":{"line":34,"column":7}},{"start":{"line":32,"column":6},"end":{"line":34,"column":7}}],"line":32}},"s":{"0":21,"1":28,"2":21,"3":21,"4":13,"5":55,"6":28,"7":21,"8":22,"9":22,"10":11,"11":11,"12":11,"13":11,"14":21,"15":28,"16":21,"17":8,"18":13,"19":13,"20":13,"21":49,"22":26,"23":13},"f":{"0":21,"1":28,"2":55,"3":22,"4":21,"5":28,"6":49},"b":{"0":[13,8],"1":[28,27],"2":[11,11],"3":[8,13],"4":[13,0],"5":[26,23]},"_coverageSchema":"43e27e138ebf9cfc5966b082cf9a028302ed4184","hash":"a66f63531633f8e4eb96f200869dbc06af8e802b"}
,"/Users/apple/lighthouse/scheduler/src/hooks/useApplicationData.js": {"path":"/Users/apple/lighthouse/scheduler/src/hooks/useApplicationData.js","statementMap":{"0":{"start":{"line":6,"column":28},"end":{"line":11,"column":4}},"1":{"start":{"line":13,"column":2},"end":{"line":22,"column":9}},"2":{"start":{"line":14,"column":4},"end":{"line":21,"column":6}},"3":{"start":{"line":19,"column":6},"end":{"line":19,"column":107}},"4":{"start":{"line":19,"column":22},"end":{"line":19,"column":105}},"5":{"start":{"line":20,"column":6},"end":{"line":20,"column":17}},"6":{"start":{"line":25,"column":24},"end":{"line":28,"column":5}},"7":{"start":{"line":29,"column":25},"end":{"line":32,"column":5}},"8":{"start":{"line":35,"column":17},"end":{"line":35,"column":32}},"9":{"start":{"line":36,"column":4},"end":{"line":39,"column":5}},"10":{"start":{"line":37,"column":25},"end":{"line":37,"column":93}},"11":{"start":{"line":37,"column":50},"end":{"line":37,"column":79}},"12":{"start":{"line":38,"column":6},"end":{"line":38,"column":94}},"13":{"start":{"line":41,"column":4},"end":{"line":48,"column":6}},"14":{"start":{"line":43,"column":6},"end":{"line":47,"column":8}},"15":{"start":{"line":53,"column":25},"end":{"line":57,"column":5}},"16":{"start":{"line":60,"column":23},"end":{"line":60,"column":91}},"17":{"start":{"line":60,"column":48},"end":{"line":60,"column":77}},"18":{"start":{"line":61,"column":17},"end":{"line":61,"column":32}},"19":{"start":{"line":62,"column":4},"end":{"line":62,"column":92}},"20":{"start":{"line":65,"column":4},"end":{"line":72,"column":6}},"21":{"start":{"line":67,"column":6},"end":{"line":71,"column":8}},"22":{"start":{"line":75,"column":17},"end":{"line":75,"column":49}},"23":{"start":{"line":75,"column":24},"end":{"line":75,"column":49}},"24":{"start":{"line":77,"column":2},"end":{"line":77,"column":59}}},"fnMap":{"0":{"name":"useApplicationData","decl":{"start":{"line":4,"column":24},"end":{"line":4,"column":42}},"loc":{"start":{"line":4,"column":45},"end":{"line":78,"column":1}},"line":4},"1":{"name":"(anonymous_1)","decl":{"start":{"line":13,"column":12},"end":{"line":13,"column":13}},"loc":{"start":{"line":13,"column":16},"end":{"line":22,"column":3}},"line":13},"2":{"name":"(anonymous_2)","decl":{"start":{"line":18,"column":12},"end":{"line":18,"column":13}},"loc":{"start":{"line":18,"column":21},"end":{"line":21,"column":5}},"line":18},"3":{"name":"(anonymous_3)","decl":{"start":{"line":19,"column":15},"end":{"line":19,"column":16}},"loc":{"start":{"line":19,"column":22},"end":{"line":19,"column":105}},"line":19},"4":{"name":"bookInterview","decl":{"start":{"line":24,"column":11},"end":{"line":24,"column":24}},"loc":{"start":{"line":24,"column":52},"end":{"line":49,"column":3}},"line":24},"5":{"name":"(anonymous_5)","decl":{"start":{"line":37,"column":43},"end":{"line":37,"column":44}},"loc":{"start":{"line":37,"column":50},"end":{"line":37,"column":79}},"line":37},"6":{"name":"(anonymous_6)","decl":{"start":{"line":42,"column":10},"end":{"line":42,"column":11}},"loc":{"start":{"line":42,"column":15},"end":{"line":48,"column":5}},"line":42},"7":{"name":"cancelInterview","decl":{"start":{"line":51,"column":11},"end":{"line":51,"column":26}},"loc":{"start":{"line":51,"column":31},"end":{"line":73,"column":3}},"line":51},"8":{"name":"(anonymous_8)","decl":{"start":{"line":60,"column":41},"end":{"line":60,"column":42}},"loc":{"start":{"line":60,"column":48},"end":{"line":60,"column":77}},"line":60},"9":{"name":"(anonymous_9)","decl":{"start":{"line":66,"column":10},"end":{"line":66,"column":11}},"loc":{"start":{"line":66,"column":15},"end":{"line":72,"column":5}},"line":66},"10":{"name":"(anonymous_10)","decl":{"start":{"line":75,"column":17},"end":{"line":75,"column":18}},"loc":{"start":{"line":75,"column":24},"end":{"line":75,"column":49}},"line":75}},"branchMap":{"0":{"loc":{"start":{"line":24,"column":40},"end":{"line":24,"column":50}},"type":"default-arg","locations":[{"start":{"line":24,"column":45},"end":{"line":24,"column":50}}],"line":24},"1":{"loc":{"start":{"line":36,"column":4},"end":{"line":39,"column":5}},"type":"if","locations":[{"start":{"line":36,"column":4},"end":{"line":39,"column":5}},{"start":{"line":36,"column":4},"end":{"line":39,"column":5}}],"line":36}},"s":{"0":16,"1":16,"2":6,"3":6,"4":6,"5":6,"6":3,"7":3,"8":3,"9":3,"10":2,"11":4,"12":2,"13":3,"14":2,"15":2,"16":2,"17":4,"18":2,"19":2,"20":2,"21":1,"22":16,"23":1,"24":16},"f":{"0":16,"1":6,"2":6,"3":6,"4":3,"5":4,"6":2,"7":2,"8":4,"9":1,"10":1},"b":{"0":[0],"1":[2,1]},"_coverageSchema":"43e27e138ebf9cfc5966b082cf9a028302ed4184","hash":"379da8db7e0429aa71ba2ca0795931a6ad5b9a42"}
,"/Users/apple/lighthouse/scheduler/src/hooks/useVisualMode.js": {"path":"/Users/apple/lighthouse/scheduler/src/hooks/useVisualMode.js","statementMap":{"0":{"start":{"line":4,"column":26},"end":{"line":4,"column":43}},"1":{"start":{"line":5,"column":20},"end":{"line":5,"column":39}},"2":{"start":{"line":7,"column":21},"end":{"line":14,"column":3}},"3":{"start":{"line":8,"column":4},"end":{"line":12,"column":5}},"4":{"start":{"line":9,"column":6},"end":{"line":9,"column":41}},"5":{"start":{"line":11,"column":6},"end":{"line":11,"column":25}},"6":{"start":{"line":13,"column":4},"end":{"line":13,"column":18}},"7":{"start":{"line":15,"column":15},"end":{"line":20,"column":3}},"8":{"start":{"line":16,"column":4},"end":{"line":19,"column":5}},"9":{"start":{"line":17,"column":6},"end":{"line":17,"column":20}},"10":{"start":{"line":18,"column":6},"end":{"line":18,"column":42}},"11":{"start":{"line":22,"column":2},"end":{"line":22,"column":36}}},"fnMap":{"0":{"name":"useVisualMode","decl":{"start":{"line":3,"column":24},"end":{"line":3,"column":37}},"loc":{"start":{"line":3,"column":47},"end":{"line":23,"column":1}},"line":3},"1":{"name":"(anonymous_1)","decl":{"start":{"line":7,"column":21},"end":{"line":7,"column":22}},"loc":{"start":{"line":7,"column":52},"end":{"line":14,"column":3}},"line":7},"2":{"name":"(anonymous_2)","decl":{"start":{"line":15,"column":15},"end":{"line":15,"column":16}},"loc":{"start":{"line":15,"column":25},"end":{"line":20,"column":3}},"line":15}},"branchMap":{"0":{"loc":{"start":{"line":7,"column":36},"end":{"line":7,"column":51}},"type":"default-arg","locations":[{"start":{"line":7,"column":46},"end":{"line":7,"column":51}}],"line":7},"1":{"loc":{"start":{"line":8,"column":4},"end":{"line":12,"column":5}},"type":"if","locations":[{"start":{"line":8,"column":4},"end":{"line":12,"column":5}},{"start":{"line":8,"column":4},"end":{"line":12,"column":5}}],"line":8},"2":{"loc":{"start":{"line":16,"column":4},"end":{"line":19,"column":5}},"type":"if","locations":[{"start":{"line":16,"column":4},"end":{"line":19,"column":5}},{"start":{"line":16,"column":4},"end":{"line":19,"column":5}}],"line":16}},"s":{"0":65,"1":65,"2":65,"3":20,"4":8,"5":12,"6":20,"7":65,"8":4,"9":3,"10":3,"11":65},"f":{"0":65,"1":20,"2":4},"b":{"0":[12],"1":[8,12],"2":[3,1]},"_coverageSchema":"43e27e138ebf9cfc5966b082cf9a028302ed4184","hash":"dba9a50bd42fe288d12c5ef91102f61310b3f942"}
}
