TN:
SF:/Users/apple/lighthouse/scheduler/src/index.js
FNF:0
FNH:0
DA:8,0
LF:1
LH:0
BRF:0
BRH:0
end_of_record
TN:
SF:/Users/apple/lighthouse/scheduler/src/components/Application.js
FN:10,Application
FN:21,(anonymous_1)
FNF:2
FNH:2
FNDA:6,Application
FNDA:8,(anonymous_1)
DA:16,6
DA:18,6
DA:20,6
DA:22,8
DA:35,6
LF:5
LH:5
BRF:0
BRH:0
end_of_record
TN:
SF:/Users/apple/lighthouse/scheduler/src/components/Button.js
FN:7,Button
FNF:1
FNH:1
FNDA:36,Button
DA:8,36
DA:13,36
LF:2
LH:2
BRF:0
BRH:0
end_of_record
TN:
SF:/Users/apple/lighthouse/scheduler/src/components/DayList.js
FN:4,DayList
FN:5,(anonymous_1)
FNF:2
FNH:2
FNDA:6,DayList
FNDA:8,(anonymous_1)
DA:5,6
DA:7,8
DA:16,6
LF:3
LH:3
BRF:0
BRH:0
end_of_record
TN:
SF:/Users/apple/lighthouse/scheduler/src/components/DayListItem.js
FN:6,DayListItem
FN:13,(anonymous_1)
FN:28,(anonymous_2)
FNF:3
FNH:3
FNDA:10,DayListItem
FNDA:10,(anonymous_1)
FNDA:1,(anonymous_2)
DA:8,10
DA:13,10
DA:14,10
DA:15,10
DA:16,0
DA:17,10
DA:18,8
DA:20,2
DA:21,10
DA:24,10
DA:28,1
LF:11
LH:10
BRDA:15,0,0,0
BRDA:15,0,1,10
BRDA:17,1,0,8
BRDA:17,1,1,2
BRF:4
BRH:3
end_of_record
TN:
SF:/Users/apple/lighthouse/scheduler/src/components/InterviewerList.js
FN:6,InterviewerList
FN:8,(anonymous_1)
FN:15,(anonymous_2)
FNF:3
FNH:3
FNDA:15,InterviewerList
FNDA:18,(anonymous_1)
FNDA:1,(anonymous_2)
DA:8,15
DA:9,18
DA:15,1
DA:18,15
DA:25,3
LF:5
LH:5
BRF:0
BRH:0
end_of_record
TN:
SF:/Users/apple/lighthouse/scheduler/src/components/InterviewerListItem.js
FN:11,InterviewerListItem
FNF:1
FNH:1
FNDA:18,InterviewerListItem
DA:12,18
DA:14,18
LF:2
LH:2
BRDA:21,0,0,18
BRDA:21,0,1,5
BRF:2
BRH:2
end_of_record
TN:
SF:/Users/apple/lighthouse/scheduler/src/components/Appointment/Confirm.js
FN:4,Confirm
FNF:1
FNH:0
FNDA:0,Confirm
DA:5,0
LF:1
LH:0
BRF:0
BRH:0
end_of_record
TN:
SF:/Users/apple/lighthouse/scheduler/src/components/Appointment/Empty.js
FN:4,Empty
FNF:1
FNH:1
FNDA:10,Empty
DA:5,10
DA:8,10
LF:2
LH:2
BRF:0
BRH:0
end_of_record
TN:
SF:/Users/apple/lighthouse/scheduler/src/components/Appointment/Error.js
FN:3,Error
FNF:1
FNH:0
FNDA:0,Error
DA:4,0
LF:1
LH:0
BRF:0
BRH:0
end_of_record
TN:
SF:/Users/apple/lighthouse/scheduler/src/components/Appointment/Form.js
FN:5,Form
FN:10,(anonymous_1)
FN:15,(anonymous_2)
FN:20,validate
FN:35,(anonymous_4)
FN:42,(anonymous_5)
FNF:6
FNH:5
FNDA:15,Form
FNDA:1,(anonymous_1)
FNDA:1,(anonymous_2)
FNDA:5,validate
FNDA:0,(anonymous_4)
FNDA:3,(anonymous_5)
DA:3,3
DA:6,15
DA:7,15
DA:8,15
DA:10,15
DA:11,1
DA:12,1
DA:15,15
DA:16,1
DA:17,1
DA:21,5
DA:22,2
DA:23,2
DA:24,3
DA:25,1
DA:26,1
DA:28,2
DA:29,2
DA:32,15
DA:35,0
DA:43,3
LF:21
LH:20
BRDA:6,0,0,15
BRDA:6,0,1,10
BRDA:7,1,0,15
BRDA:7,1,1,11
BRDA:21,2,0,2
BRDA:21,2,1,3
BRDA:24,3,0,1
BRDA:24,3,1,2
BRF:8
BRH:8
end_of_record
TN:
SF:/Users/apple/lighthouse/scheduler/src/components/Appointment/Header.js
FN:3,Header
FNF:1
FNH:1
FNDA:18,Header
DA:4,18
LF:1
LH:1
BRF:0
BRH:0
end_of_record
TN:
SF:/Users/apple/lighthouse/scheduler/src/components/Appointment/Show.js
FN:3,Show
FNF:1
FNH:1
FNDA:5,Show
DA:4,5
LF:1
LH:1
BRF:0
BRH:0
end_of_record
TN:
SF:/Users/apple/lighthouse/scheduler/src/components/Appointment/Status.js
FN:3,Status
FNF:1
FNH:1
FNDA:2,Status
DA:4,2
LF:1
LH:1
BRF:0
BRH:0
end_of_record
TN:
SF:/Users/apple/lighthouse/scheduler/src/components/Appointment/index.js
FN:12,Appointment
FN:27,save
FN:34,(anonymous_2)
FN:35,(anonymous_3)
FN:38,deleteInterview
FN:42,(anonymous_5)
FN:43,(anonymous_6)
FN:49,(anonymous_7)
FN:54,(anonymous_8)
FN:55,(anonymous_9)
FNF:10
FNH:4
FNDA:18,Appointment
FNDA:1,save
FNDA:1,(anonymous_2)
FNDA:0,(anonymous_3)
FNDA:0,deleteInterview
FNDA:0,(anonymous_5)
FNDA:0,(anonymous_6)
FNDA:1,(anonymous_7)
FNDA:0,(anonymous_8)
FNDA:0,(anonymous_9)
DA:14,18
DA:15,18
DA:16,18
DA:17,18
DA:18,18
DA:19,18
DA:20,18
DA:21,18
DA:22,18
DA:23,18
DA:28,1
DA:32,1
DA:33,1
DA:34,1
DA:35,0
DA:39,0
DA:40,0
DA:42,0
DA:43,0
DA:46,18
DA:49,1
DA:54,0
DA:55,0
LF:23
LH:16
BRDA:24,0,0,6
BRDA:24,0,1,12
BRDA:49,1,0,18
BRDA:49,1,1,10
BRDA:50,2,0,18
BRDA:50,2,1,5
BRDA:58,3,0,18
BRDA:58,3,1,1
BRDA:65,4,0,18
BRDA:65,4,1,0
BRDA:74,5,0,18
BRDA:74,5,1,2
BRDA:77,6,0,18
BRDA:77,6,1,0
BRDA:80,7,0,18
BRDA:80,7,1,0
BRDA:87,8,0,18
BRDA:87,8,1,0
BRDA:93,9,0,18
BRDA:93,9,1,0
BRF:20
BRH:15
end_of_record
TN:
SF:/Users/apple/lighthouse/scheduler/src/helpers/selectors.js
FN:1,getAppointmentsForDay
FN:2,(anonymous_1)
FN:6,(anonymous_2)
FN:15,getInterview
FN:25,getInterviewersForDay
FN:26,(anonymous_5)
FN:32,(anonymous_6)
FNF:7
FNH:7
FNDA:11,getAppointmentsForDay
FNDA:16,(anonymous_1)
FNDA:31,(anonymous_2)
FNDA:10,getInterview
FNDA:11,getInterviewersForDay
FNDA:16,(anonymous_5)
FNDA:25,(anonymous_6)
DA:2,16
DA:4,11
DA:5,11
DA:6,7
DA:7,31
DA:8,16
DA:12,11
DA:16,10
DA:17,10
DA:18,6
DA:19,6
DA:20,6
DA:22,4
DA:26,16
DA:27,11
DA:28,4
DA:30,7
DA:31,7
DA:32,7
DA:33,25
DA:34,14
DA:38,7
LF:22
LH:22
BRDA:5,0,0,7
BRDA:5,0,1,4
BRDA:7,1,0,16
BRDA:7,1,1,15
BRDA:17,2,0,6
BRDA:17,2,1,4
BRDA:27,3,0,4
BRDA:27,3,1,7
BRDA:31,4,0,7
BRDA:31,4,1,0
BRDA:33,5,0,14
BRDA:33,5,1,11
BRF:12
BRH:11
end_of_record
TN:
SF:/Users/apple/lighthouse/scheduler/src/hooks/useApplicationData.js
FN:4,useApplicationData
FN:13,(anonymous_1)
FN:18,(anonymous_2)
FN:19,(anonymous_3)
FN:24,bookInterview
FN:36,(anonymous_5)
FN:42,(anonymous_6)
FN:49,(anonymous_7)
FN:52,cancelInterview
FN:61,(anonymous_9)
FN:67,(anonymous_10)
FN:75,(anonymous_11)
FN:78,(anonymous_12)
FNF:13
FNH:8
FNDA:6,useApplicationData
FNDA:2,(anonymous_1)
FNDA:2,(anonymous_2)
FNDA:2,(anonymous_3)
FNDA:1,bookInterview
FNDA:2,(anonymous_5)
FNDA:1,(anonymous_6)
FNDA:0,(anonymous_7)
FNDA:0,cancelInterview
FNDA:0,(anonymous_9)
FNDA:0,(anonymous_10)
FNDA:0,(anonymous_11)
FNDA:1,(anonymous_12)
DA:6,6
DA:13,6
DA:14,2
DA:19,2
DA:20,2
DA:25,1
DA:29,1
DA:36,2
DA:37,1
DA:39,1
DA:41,1
DA:43,1
DA:49,0
DA:54,0
DA:61,0
DA:62,0
DA:63,0
DA:66,0
DA:68,0
DA:69,0
DA:75,0
DA:78,6
DA:80,6
LF:23
LH:14
BRF:0
BRH:0
end_of_record
TN:
SF:/Users/apple/lighthouse/scheduler/src/hooks/useVisualMode.js
FN:3,useVisualMode
FN:7,(anonymous_1)
FN:15,(anonymous_2)
FNF:3
FNH:3
FNDA:31,useVisualMode
FNDA:8,(anonymous_1)
FNDA:4,(anonymous_2)
DA:4,31
DA:5,31
DA:7,31
DA:8,8
DA:9,2
DA:11,6
DA:13,8
DA:15,31
DA:16,4
DA:17,3
DA:18,3
DA:22,31
LF:12
LH:12
BRDA:7,0,0,6
BRDA:8,1,0,2
BRDA:8,1,1,6
BRDA:16,2,0,3
BRDA:16,2,1,1
BRF:5
BRH:5
end_of_record
