TN:
SF:/Users/apple/lighthouse/scheduler/src/index.js
FNF:0
FNH:0
DA:8,0
LF:1
LH:0
BRF:0
BRH:0
end_of_record
TN:
SF:/Users/apple/lighthouse/scheduler/src/components/Application.js
FN:10,Application
FN:21,(anonymous_1)
FNF:2
FNH:2
FNDA:16,Application
FNDA:20,(anonymous_1)
DA:16,16
DA:18,16
DA:20,16
DA:22,20
DA:35,16
LF:5
LH:5
BRF:0
BRH:0
end_of_record
TN:
SF:/Users/apple/lighthouse/scheduler/src/components/Button.js
FN:7,Button
FNF:1
FNH:1
FNDA:52,Button
DA:8,52
DA:13,52
LF:2
LH:2
BRF:0
BRH:0
end_of_record
TN:
SF:/Users/apple/lighthouse/scheduler/src/components/DayList.js
FN:4,DayList
FN:5,(anonymous_1)
FNF:2
FNH:2
FNDA:16,DayList
FNDA:20,(anonymous_1)
DA:5,16
DA:7,20
DA:16,16
LF:3
LH:3
BRF:0
BRH:0
end_of_record
TN:
SF:/Users/apple/lighthouse/scheduler/src/components/DayListItem.js
FN:6,DayListItem
FN:13,(anonymous_1)
FN:28,(anonymous_2)
FNF:3
FNH:3
FNDA:22,DayListItem
FNDA:22,(anonymous_1)
FNDA:1,(anonymous_2)
DA:8,22
DA:13,22
DA:14,22
DA:15,22
DA:16,1
DA:17,21
DA:18,19
DA:20,2
DA:21,22
DA:24,22
DA:28,1
LF:11
LH:11
BRDA:15,0,0,1
BRDA:15,0,1,21
BRDA:17,1,0,19
BRDA:17,1,1,2
BRF:4
BRH:4
end_of_record
TN:
SF:/Users/apple/lighthouse/scheduler/src/components/InterviewerList.js
FN:6,InterviewerList
FN:8,(anonymous_1)
FN:15,(anonymous_2)
FNF:3
FNH:3
FNDA:21,InterviewerList
FNDA:30,(anonymous_1)
FNDA:3,(anonymous_2)
DA:8,21
DA:9,30
DA:15,3
DA:18,21
DA:25,3
LF:5
LH:5
BRF:0
BRH:0
end_of_record
TN:
SF:/Users/apple/lighthouse/scheduler/src/components/InterviewerListItem.js
FN:11,InterviewerListItem
FNF:1
FNH:1
FNDA:30,InterviewerListItem
DA:12,30
DA:14,30
LF:2
LH:2
BRDA:21,0,0,30
BRDA:21,0,1,9
BRF:2
BRH:2
end_of_record
TN:
SF:/Users/apple/lighthouse/scheduler/src/components/Appointment/Confirm.js
FN:4,Confirm
FNF:1
FNH:1
FNDA:2,Confirm
DA:5,2
LF:1
LH:1
BRF:0
BRH:0
end_of_record
TN:
SF:/Users/apple/lighthouse/scheduler/src/components/Appointment/Empty.js
FN:4,Empty
FNF:1
FNH:1
FNDA:27,Empty
DA:5,27
DA:8,27
LF:2
LH:2
BRF:0
BRH:0
end_of_record
TN:
SF:/Users/apple/lighthouse/scheduler/src/components/Appointment/Error.js
FN:3,Error
FNF:1
FNH:1
FNDA:2,Error
DA:4,2
LF:1
LH:1
BRF:0
BRH:0
end_of_record
TN:
SF:/Users/apple/lighthouse/scheduler/src/components/Appointment/Form.js
FN:5,Form
FN:10,(anonymous_1)
FN:15,(anonymous_2)
FN:22,validate
FN:37,(anonymous_4)
FN:44,(anonymous_5)
FNF:6
FNH:5
FNDA:21,Form
FNDA:1,(anonymous_1)
FNDA:1,(anonymous_2)
FNDA:7,validate
FNDA:0,(anonymous_4)
FNDA:5,(anonymous_5)
DA:3,3
DA:6,21
DA:7,21
DA:8,21
DA:10,21
DA:11,1
DA:12,1
DA:15,21
DA:16,1
DA:17,1
DA:20,21
DA:23,7
DA:24,2
DA:25,2
DA:26,5
DA:27,1
DA:28,1
DA:30,4
DA:31,4
DA:34,21
DA:37,0
DA:45,5
LF:22
LH:21
BRDA:6,0,0,21
BRDA:6,0,1,13
BRDA:7,1,0,21
BRDA:7,1,1,14
BRDA:20,2,0,3
BRDA:20,2,1,18
BRDA:23,3,0,2
BRDA:23,3,1,5
BRDA:26,4,0,1
BRDA:26,4,1,4
BRF:10
BRH:10
end_of_record
TN:
SF:/Users/apple/lighthouse/scheduler/src/components/Appointment/Header.js
FN:3,Header
FNF:1
FNH:1
FNDA:52,Header
DA:4,52
LF:1
LH:1
BRF:0
BRH:0
end_of_record
TN:
SF:/Users/apple/lighthouse/scheduler/src/components/Appointment/Show.js
FN:3,Show
FNF:1
FNH:1
FNDA:10,Show
DA:4,10
LF:1
LH:1
BRF:0
BRH:0
end_of_record
TN:
SF:/Users/apple/lighthouse/scheduler/src/components/Appointment/Status.js
FN:3,Status
FNF:1
FNH:1
FNDA:8,Status
DA:4,8
LF:1
LH:1
BRF:0
BRH:0
end_of_record
TN:
SF:/Users/apple/lighthouse/scheduler/src/components/Appointment/index.js
FN:12,Appointment
FN:27,save
FN:34,(anonymous_2)
FN:35,(anonymous_3)
FN:38,deleteInterview
FN:42,(anonymous_5)
FN:43,(anonymous_6)
FN:49,(anonymous_7)
FN:54,(anonymous_8)
FN:55,(anonymous_9)
FNF:10
FNH:10
FNDA:52,Appointment
FNDA:3,save
FNDA:2,(anonymous_2)
FNDA:1,(anonymous_3)
FNDA:2,deleteInterview
FNDA:1,(anonymous_5)
FNDA:1,(anonymous_6)
FNDA:2,(anonymous_7)
FNDA:2,(anonymous_8)
FNDA:1,(anonymous_9)
DA:14,52
DA:15,52
DA:16,52
DA:17,52
DA:18,52
DA:19,52
DA:20,52
DA:21,52
DA:22,52
DA:23,52
DA:28,3
DA:32,3
DA:33,3
DA:34,2
DA:35,1
DA:39,2
DA:40,2
DA:42,1
DA:43,1
DA:46,52
DA:49,2
DA:54,2
DA:55,1
LF:23
LH:23
BRDA:24,0,0,19
BRDA:24,0,1,33
BRDA:49,1,0,52
BRDA:49,1,1,27
BRDA:50,2,0,52
BRDA:50,2,1,10
BRDA:58,3,0,52
BRDA:58,3,1,2
BRDA:65,4,0,52
BRDA:65,4,1,1
BRDA:75,5,0,52
BRDA:75,5,1,5
BRDA:78,6,0,52
BRDA:78,6,1,3
BRDA:81,7,0,52
BRDA:81,7,1,2
BRDA:88,8,0,52
BRDA:88,8,1,1
BRDA:94,9,0,52
BRDA:94,9,1,1
BRF:20
BRH:20
end_of_record
TN:
SF:/Users/apple/lighthouse/scheduler/src/helpers/selectors.js
FN:1,getAppointmentsForDay
FN:2,(anonymous_1)
FN:5,(anonymous_2)
FN:14,getInterview
FN:24,getInterviewersForDay
FN:25,(anonymous_5)
FN:31,(anonymous_6)
FNF:7
FNH:7
FNDA:21,getAppointmentsForDay
FNDA:28,(anonymous_1)
FNDA:55,(anonymous_2)
FNDA:22,getInterview
FNDA:21,getInterviewersForDay
FNDA:28,(anonymous_5)
FNDA:49,(anonymous_6)
DA:2,28
DA:3,21
DA:4,21
DA:5,13
DA:6,55
DA:7,28
DA:11,21
DA:15,22
DA:16,22
DA:17,11
DA:18,11
DA:19,11
DA:21,11
DA:25,28
DA:26,21
DA:27,8
DA:29,13
DA:30,13
DA:31,13
DA:32,49
DA:33,26
DA:37,13
LF:22
LH:22
BRDA:4,0,0,13
BRDA:4,0,1,8
BRDA:6,1,0,28
BRDA:6,1,1,27
BRDA:16,2,0,11
BRDA:16,2,1,11
BRDA:26,3,0,8
BRDA:26,3,1,13
BRDA:30,4,0,13
BRDA:30,4,1,0
BRDA:32,5,0,26
BRDA:32,5,1,23
BRF:12
BRH:11
end_of_record
TN:
SF:/Users/apple/lighthouse/scheduler/src/hooks/useApplicationData.js
FN:4,useApplicationData
FN:13,(anonymous_1)
FN:18,(anonymous_2)
FN:19,(anonymous_3)
FN:24,bookInterview
FN:37,(anonymous_5)
FN:42,(anonymous_6)
FN:51,cancelInterview
FN:60,(anonymous_8)
FN:66,(anonymous_9)
FN:75,(anonymous_10)
FNF:11
FNH:11
FNDA:16,useApplicationData
FNDA:6,(anonymous_1)
FNDA:6,(anonymous_2)
FNDA:6,(anonymous_3)
FNDA:3,bookInterview
FNDA:4,(anonymous_5)
FNDA:2,(anonymous_6)
FNDA:2,cancelInterview
FNDA:4,(anonymous_8)
FNDA:1,(anonymous_9)
FNDA:1,(anonymous_10)
DA:6,16
DA:13,16
DA:14,6
DA:19,6
DA:20,6
DA:25,3
DA:29,3
DA:35,3
DA:36,3
DA:37,4
DA:38,2
DA:41,3
DA:43,2
DA:53,2
DA:60,4
DA:61,2
DA:62,2
DA:65,2
DA:67,1
DA:75,16
DA:77,16
LF:21
LH:21
BRDA:24,0,0,0
BRDA:36,1,0,2
BRDA:36,1,1,1
BRF:3
BRH:2
end_of_record
TN:
SF:/Users/apple/lighthouse/scheduler/src/hooks/useVisualMode.js
FN:3,useVisualMode
FN:7,(anonymous_1)
FN:15,(anonymous_2)
FNF:3
FNH:3
FNDA:65,useVisualMode
FNDA:20,(anonymous_1)
FNDA:4,(anonymous_2)
DA:4,65
DA:5,65
DA:7,65
DA:8,20
DA:9,8
DA:11,12
DA:13,20
DA:15,65
DA:16,4
DA:17,3
DA:18,3
DA:22,65
LF:12
LH:12
BRDA:7,0,0,12
BRDA:8,1,0,8
BRDA:8,1,1,12
BRDA:16,2,0,3
BRDA:16,2,1,1
BRF:5
BRH:5
end_of_record
